<?xml version="1.0" encoding="UTF-8"?>
<!-- Generated by org.testng.reporters.JUnitReportReporter -->
<testsuite skipped="0" hostname="DESKTOP-813ANM7" name="com.scripts.facebook.TESTFBSignup" tests="1" failures="0" timestamp="22 Sep 2020 06:52:36 GMT" time="23.877" errors="0">
  <testcase name="signup" time="23.877" classname="com.scripts.facebook.TESTFBSignup"/>
</testsuite> <!-- com.scripts.facebook.TESTFBSignup -->
